[2m7:25:38 am[22m [31m[1m[vite][22m[39m Pre-transform error: Failed to load url /src/pages/ProductListPage.jsx (resolved id: C:/Users/buden/OneDrive/Desktop/Pictures/Desktop/ecommerce_project/frontend/src/pages/ProductListPage.jsx) in C:/Users/buden/OneDrive/Desktop/Pictures/Desktop/ecommerce_project/frontend/src/App.jsx. Does the file exist?
[2m7:31:42 am[22m [31m[1m[vite][22m[39m Pre-transform error: Failed to load url /src/pages/ProductDetailPage.jsx (resolved id: C:/Users/buden/OneDrive/Desktop/Pictures/Desktop/ecommerce_project/frontend/src/pages/ProductDetailPage.jsx) in C:/Users/buden/OneDrive/Desktop/Pictures/Desktop/ecommerce_project/frontend/src/App.jsx. Does the file exist?
[2m10:20:45 am[22m [31m[1m[vite][22m[39m [31mInternal server error: C:\Users\buden\OneDrive\Desktop\Pictures\Desktop\ecommerce_project\frontend\src\context\AuthContext.jsx: Unexpected token, expected "," (173:4)

[0m [90m 171 |[31m     email[33m:[31m normalizedEmail[33m,[31m
 [90m 172 |[31m     password[33m:[31m payload[33m.[31mpassword
[31m[1m>[22m[31m[90m 173 |[31m     role[33m:[31m [32m"CUSTOMER"[31m
 [90m     |[31m     [31m[1m^[22m[31m
 [90m 174 |[31m   }[33m;[31m
 [90m 175 |[31m
 [90m 176 |[31m   [36mconst[31m nextUsers [33m=[31m [[33m...[31mlocalUsers[33m,[31m newUser][33m;[31m[0m[39m
  Plugin: [35mvite:react-babel[39m
  File: [36mC:/Users/buden/OneDrive/Desktop/Pictures/Desktop/ecommerce_project/frontend/src/context/AuthContext.jsx[39m:173:4
[33m  171|      email: normalizedEmail,
  172|      password: payload.password
  173|      role: "CUSTOMER"
     |      ^
  174|    };
  175|  [39m
      at constructor (C:\Users\buden\OneDrive\Desktop\Pictures\Desktop\ecommerce_project\frontend\node_modules\@babel\parser\lib\index.js:365:19)
      at JSXParserMixin.raise (C:\Users\buden\OneDrive\Desktop\Pictures\Desktop\ecommerce_project\frontend\node_modules\@babel\parser\lib\index.js:6599:19)
      at JSXParserMixin.unexpected (C:\Users\buden\OneDrive\Desktop\Pictures\Desktop\ecommerce_project\frontend\node_modules\@babel\parser\lib\index.js:6619:16)
      at JSXParserMixin.expect (C:\Users\buden\OneDrive\Desktop\Pictures\Desktop\ecommerce_project\frontend\node_modules\@babel\parser\lib\index.js:6899:12)
      at JSXParserMixin.parseObjectLike (C:\Users\buden\OneDrive\Desktop\Pictures\Desktop\ecommerce_project\frontend\node_modules\@babel\parser\lib\index.js:11822:14)
      at JSXParserMixin.parseExprAtom (C:\Users\buden\OneDrive\Desktop\Pictures\Desktop\ecommerce_project\frontend\node_modules\@babel\parser\lib\index.js:11339:23)
      at JSXParserMixin.parseExprAtom (C:\Users\buden\OneDrive\Desktop\Pictures\Desktop\ecommerce_project\frontend\node_modules\@babel\parser\lib\index.js:4764:20)
      at JSXParserMixin.parseExprSubscripts (C:\Users\buden\OneDrive\Desktop\Pictures\Desktop\ecommerce_project\frontend\node_modules\@babel\parser\lib\index.js:11081:23)
      at JSXParserMixin.parseUpdate (C:\Users\buden\OneDrive\Desktop\Pictures\Desktop\ecommerce_project\frontend\node_modules\@babel\parser\lib\index.js:11066:21)
      at JSXParserMixin.parseMaybeUnary (C:\Users\buden\OneDrive\Desktop\Pictures\Desktop\ecommerce_project\frontend\node_modules\@babel\parser\lib\index.js:11046:23)
      at JSXParserMixin.parseMaybeUnaryOrPrivate (C:\Users\buden\OneDrive\Desktop\Pictures\Desktop\ecommerce_project\frontend\node_modules\@babel\parser\lib\index.js:10899:61)
      at JSXParserMixin.parseExprOps (C:\Users\buden\OneDrive\Desktop\Pictures\Desktop\ecommerce_project\frontend\node_modules\@babel\parser\lib\index.js:10904:23)
      at JSXParserMixin.parseMaybeConditional (C:\Users\buden\OneDrive\Desktop\Pictures\Desktop\ecommerce_project\frontend\node_modules\@babel\parser\lib\index.js:10881:23)
      at JSXParserMixin.parseMaybeAssign (C:\Users\buden\OneDrive\Desktop\Pictures\Desktop\ecommerce_project\frontend\node_modules\@babel\parser\lib\index.js:10831:21)
      at C:\Users\buden\OneDrive\Desktop\Pictures\Desktop\ecommerce_project\frontend\node_modules\@babel\parser\lib\index.js:10800:39
      at JSXParserMixin.allowInAnd (C:\Users\buden\OneDrive\Desktop\Pictures\Desktop\ecommerce_project\frontend\node_modules\@babel\parser\lib\index.js:12421:16)
      at JSXParserMixin.parseMaybeAssignAllowIn (C:\Users\buden\OneDrive\Desktop\Pictures\Desktop\ecommerce_project\frontend\node_modules\@babel\parser\lib\index.js:10800:17)
      at JSXParserMixin.parseVar (C:\Users\buden\OneDrive\Desktop\Pictures\Desktop\ecommerce_project\frontend\node_modules\@babel\parser\lib\index.js:13384:91)
      at JSXParserMixin.parseVarStatement (C:\Users\buden\OneDrive\Desktop\Pictures\Desktop\ecommerce_project\frontend\node_modules\@babel\parser\lib\index.js:13230:10)
      at JSXParserMixin.parseStatementContent (C:\Users\buden\OneDrive\Desktop\Pictures\Desktop\ecommerce_project\frontend\node_modules\@babel\parser\lib\index.js:12851:23)
      at JSXParserMixin.parseStatementLike (C:\Users\buden\OneDrive\Desktop\Pictures\Desktop\ecommerce_project\frontend\node_modules\@babel\parser\lib\index.js:12767:17)
      at JSXParserMixin.parseStatementListItem (C:\Users\buden\OneDrive\Desktop\Pictures\Desktop\ecommerce_project\frontend\node_modules\@babel\parser\lib\index.js:12747:17)
      at JSXParserMixin.parseBlockOrModuleBlockBody (C:\Users\buden\OneDrive\Desktop\Pictures\Desktop\ecommerce_project\frontend\node_modules\@babel\parser\lib\index.js:13316:61)
      at JSXParserMixin.parseBlockBody (C:\Users\buden\OneDrive\Desktop\Pictures\Desktop\ecommerce_project\frontend\node_modules\@babel\parser\lib\index.js:13309:10)
      at JSXParserMixin.parseBlock (C:\Users\buden\OneDrive\Desktop\Pictures\Desktop\ecommerce_project\frontend\node_modules\@babel\parser\lib\index.js:13297:10)
      at JSXParserMixin.parseFunctionBody (C:\Users\buden\OneDrive\Desktop\Pictures\Desktop\ecommerce_project\frontend\node_modules\@babel\parser\lib\index.js:12100:24)
      at JSXParserMixin.parseFunctionBodyAndFinish (C:\Users\buden\OneDrive\Desktop\Pictures\Desktop\ecommerce_project\frontend\node_modules\@babel\parser\lib\index.js:12086:10)
      at C:\Users\buden\OneDrive\Desktop\Pictures\Desktop\ecommerce_project\frontend\node_modules\@babel\parser\lib\index.js:13445:12
      at JSXParserMixin.withSmartMixTopicForbiddingContext (C:\Users\buden\OneDrive\Desktop\Pictures\Desktop\ecommerce_project\frontend\node_modules\@babel\parser\lib\index.js:12403:14)
      at JSXParserMixin.parseFunction (C:\Users\buden\OneDrive\Desktop\Pictures\Desktop\ecommerce_project\frontend\node_modules\@babel\parser\lib\index.js:13444:10)
      at JSXParserMixin.parseFunctionStatement (C:\Users\buden\OneDrive\Desktop\Pictures\Desktop\ecommerce_project\frontend\node_modules\@babel\parser\lib\index.js:13125:17)
      at JSXParserMixin.parseStatementContent (C:\Users\buden\OneDrive\Desktop\Pictures\Desktop\ecommerce_project\frontend\node_modules\@babel\parser\lib\index.js:12791:21)
      at JSXParserMixin.parseStatementLike (C:\Users\buden\OneDrive\Desktop\Pictures\Desktop\ecommerce_project\frontend\node_modules\@babel\parser\lib\index.js:12767:17)
      at JSXParserMixin.parseModuleItem (C:\Users\buden\OneDrive\Desktop\Pictures\Desktop\ecommerce_project\frontend\node_modules\@babel\parser\lib\index.js:12744:17)
      at JSXParserMixin.parseBlockOrModuleBlockBody (C:\Users\buden\OneDrive\Desktop\Pictures\Desktop\ecommerce_project\frontend\node_modules\@babel\parser\lib\index.js:13316:36)
      at JSXParserMixin.parseBlockBody (C:\Users\buden\OneDrive\Desktop\Pictures\Desktop\ecommerce_project\frontend\node_modules\@babel\parser\lib\index.js:13309:10)
      at JSXParserMixin.parseProgram (C:\Users\buden\OneDrive\Desktop\Pictures\Desktop\ecommerce_project\frontend\node_modules\@babel\parser\lib\index.js:12622:10)
      at JSXParserMixin.parseTopLevel (C:\Users\buden\OneDrive\Desktop\Pictures\Desktop\ecommerce_project\frontend\node_modules\@babel\parser\lib\index.js:12612:25)
      at JSXParserMixin.parse (C:\Users\buden\OneDrive\Desktop\Pictures\Desktop\ecommerce_project\frontend\node_modules\@babel\parser\lib\index.js:14488:25)
      at parse (C:\Users\buden\OneDrive\Desktop\Pictures\Desktop\ecommerce_project\frontend\node_modules\@babel\parser\lib\index.js:14522:38)
      at parser (C:\Users\buden\OneDrive\Desktop\Pictures\Desktop\ecommerce_project\frontend\node_modules\@babel\core\lib\parser\index.js:41:34)
      at parser.next (<anonymous>)
      at normalizeFile (C:\Users\buden\OneDrive\Desktop\Pictures\Desktop\ecommerce_project\frontend\node_modules\@babel\core\lib\transformation\normalize-file.js:64:37)
      at normalizeFile.next (<anonymous>)
      at run (C:\Users\buden\OneDrive\Desktop\Pictures\Desktop\ecommerce_project\frontend\node_modules\@babel\core\lib\transformation\index.js:22:50)
      at run.next (<anonymous>)
      at transform (C:\Users\buden\OneDrive\Desktop\Pictures\Desktop\ecommerce_project\frontend\node_modules\@babel\core\lib\transform.js:22:33)
      at transform.next (<anonymous>)
      at step (C:\Users\buden\OneDrive\Desktop\Pictures\Desktop\ecommerce_project\frontend\node_modules\gensync\index.js:261:32)
      at C:\Users\buden\OneDrive\Desktop\Pictures\Desktop\ecommerce_project\frontend\node_modules\gensync\index.js:273:13
[2m7:15:48 pm[22m [31m[1m[vite][22m[39m [31mInternal server error: Failed to resolve import "./pages/WishlistPage" from "src/App.jsx". Does the file exist?[39m
  Plugin: [35mvite:import-analysis[39m
  File: [36mC:/Users/buden/OneDrive/Desktop/Pictures/Desktop/ecommerce_project/frontend/src/App.jsx[39m:18:25
[33m  32 |  import AdminProductsPage from "./pages/AdminProductsPage";
  33 |  import AccountPage from "./pages/AccountPage";
  34 |  import WishlistPage from "./pages/WishlistPage";
     |                            ^
  35 |  import AdminOrdersPage from "./pages/AdminOrdersPage";
  36 |  import AdminDashboardPage from "./pages/AdminDashboardPage";[39m
      at TransformPluginContext._formatError (file:///C:/Users/buden/OneDrive/Desktop/Pictures/Desktop/ecommerce_project/frontend/node_modules/vite/dist/node/chunks/dep-BK3b2jBa.js:49258:41)
      at TransformPluginContext.error (file:///C:/Users/buden/OneDrive/Desktop/Pictures/Desktop/ecommerce_project/frontend/node_modules/vite/dist/node/chunks/dep-BK3b2jBa.js:49253:16)
      at normalizeUrl (file:///C:/Users/buden/OneDrive/Desktop/Pictures/Desktop/ecommerce_project/frontend/node_modules/vite/dist/node/chunks/dep-BK3b2jBa.js:64307:23)
      at process.processTicksAndRejections (node:internal/process/task_queues:103:5)
      at async file:///C:/Users/buden/OneDrive/Desktop/Pictures/Desktop/ecommerce_project/frontend/node_modules/vite/dist/node/chunks/dep-BK3b2jBa.js:64439:39
      at async Promise.all (index 20)
      at async TransformPluginContext.transform (file:///C:/Users/buden/OneDrive/Desktop/Pictures/Desktop/ecommerce_project/frontend/node_modules/vite/dist/node/chunks/dep-BK3b2jBa.js:64366:7)
      at async PluginContainer.transform (file:///C:/Users/buden/OneDrive/Desktop/Pictures/Desktop/ecommerce_project/frontend/node_modules/vite/dist/node/chunks/dep-BK3b2jBa.js:49099:18)
      at async loadAndTransform (file:///C:/Users/buden/OneDrive/Desktop/Pictures/Desktop/ecommerce_project/frontend/node_modules/vite/dist/node/chunks/dep-BK3b2jBa.js:51978:27)
      at async viteTransformMiddleware (file:///C:/Users/buden/OneDrive/Desktop/Pictures/Desktop/ecommerce_project/frontend/node_modules/vite/dist/node/chunks/dep-BK3b2jBa.js:62106:24)
